Build started 21.3.2018 13:26:28.
     1>Project "\\ucebnyfile.ucebny.adfit.fit.cvut.cz\home\s\samsojul\Documents\COURSE - Hardware and security\Lab 3\SC_power_measurement\measure\measure\measure.vcxproj" on node 2 (build target(s)).
     1>InitializeBuildStatus:
         Creating "Debug\measure.unsuccessfulbuild" because "AlwaysCreate" was specified.
       ClCompile:
         All outputs are up-to-date.
       ManifestResourceCompile:
         All outputs are up-to-date.
       Link:
         c:\Program Files (x86)\Microsoft Visual Studio 10.0\VC\bin\link.exe /ERRORREPORT:PROMPT /OUT:"\\ucebnyfile.ucebny.adfit.fit.cvut.cz\home\s\samsojul\Documents\COURSE - Hardware and security\Lab 3\SC_power_measurement\measure\Debug\measure.exe" /INCREMENTAL /NOLOGO visa32.lib winscard.lib kernel32.lib user32.lib gdi32.lib winspool.lib comdlg32.lib advapi32.lib shell32.lib ole32.lib oleaut32.lib uuid.lib odbc32.lib odbccp32.lib /MANIFEST /ManifestFile:"Debug\measure.exe.intermediate.manifest" /MANIFESTUAC:"level='asInvoker' uiAccess='false'" /DEBUG /PDB:"\\ucebnyfile.ucebny.adfit.fit.cvut.cz\home\s\samsojul\Documents\COURSE - Hardware and security\Lab 3\SC_power_measurement\measure\Debug\measure.pdb" /SUBSYSTEM:CONSOLE /TLBID:1 /DYNAMICBASE /NXCOMPAT /IMPLIB:"\\ucebnyfile.ucebny.adfit.fit.cvut.cz\home\s\samsojul\Documents\COURSE - Hardware and security\Lab 3\SC_power_measurement\measure\Debug\measure.lib" /MACHINE:X86 Debug\measure.exe.embed.manifest.res
         Debug\instrument.obj
         Debug\main.obj
         Debug\measurement.obj
         Debug\scard.obj
       Manifest:
         C:\Program Files (x86)\Microsoft SDKs\Windows\v7.0A\bin\mt.exe /nologo /verbose /out:"Debug\measure.exe.embed.manifest" /manifest Debug\measure.exe.intermediate.manifest
         All outputs are up-to-date.
       LinkEmbedManifest:
         All outputs are up-to-date.
         measure.vcxproj -> \\ucebnyfile.ucebny.adfit.fit.cvut.cz\home\s\samsojul\Documents\COURSE - Hardware and security\Lab 3\SC_power_measurement\measure\Debug\measure.exe
       FinalizeBuildStatus:
         Deleting file "Debug\measure.unsuccessfulbuild".
         Touching "Debug\measure.lastbuildstate".
     1>Done Building Project "\\ucebnyfile.ucebny.adfit.fit.cvut.cz\home\s\samsojul\Documents\COURSE - Hardware and security\Lab 3\SC_power_measurement\measure\measure\measure.vcxproj" (build target(s)).

Build succeeded.

Time Elapsed 00:00:02.25
